<?xml version="1.0" encoding="UTF-8"?>
<coverage generated="1731186564738" clover="3.2.0">
  <project timestamp="1731186564739" name="All files">
    <metrics statements="26" coveredstatements="25" conditionals="10" coveredconditionals="9" methods="6" coveredmethods="6" elements="42" coveredelements="40" complexity="0" loc="26" ncloc="26" packages="2" files="5" classes="5"/>
    <package name="Exo1">
      <metrics statements="6" coveredstatements="6" conditionals="0" coveredconditionals="0" methods="3" coveredmethods="3"/>
      <file name="exf_Function.js" path="D:\study\M1\CAW\Lab4JestJs\Exo1\exf_Function.js">
        <metrics statements="3" coveredstatements="3" conditionals="0" coveredconditionals="0" methods="1" coveredmethods="1"/>
        <line num="2" count="1" type="stmt"/>
        <line num="3" count="3" type="stmt"/>
        <line num="7" count="1" type="stmt"/>
      </file>
      <file name="mean_function.js" path="D:\study\M1\CAW\Lab4JestJs\Exo1\mean_function.js">
        <metrics statements="3" coveredstatements="3" conditionals="0" coveredconditionals="0" methods="2" coveredmethods="2"/>
        <line num="2" count="16" type="stmt"/>
        <line num="3" count="4" type="stmt"/>
        <line num="7" count="1" type="stmt"/>
      </file>
    </package>
    <package name="Exo2">
      <metrics statements="20" coveredstatements="19" conditionals="10" coveredconditionals="9" methods="3" coveredmethods="3"/>
      <file name="chunk.js" path="D:\study\M1\CAW\Lab4JestJs\Exo2\chunk.js">
        <metrics statements="7" coveredstatements="7" conditionals="0" coveredconditionals="0" methods="1" coveredmethods="1"/>
        <line num="2" count="5" type="stmt"/>
        <line num="3" count="5" type="stmt"/>
        <line num="4" count="5" type="stmt"/>
        <line num="5" count="11" type="stmt"/>
        <line num="6" count="11" type="stmt"/>
        <line num="8" count="5" type="stmt"/>
        <line num="11" count="1" type="stmt"/>
      </file>
      <file name="first_function.js" path="D:\study\M1\CAW\Lab4JestJs\Exo2\first_function.js">
        <metrics statements="7" coveredstatements="6" conditionals="6" coveredconditionals="5" methods="1" coveredmethods="1"/>
        <line num="2" count="4" type="cond" truecount="4" falsecount="0"/>
        <line num="3" count="2" type="stmt"/>
        <line num="4" count="2" type="cond" truecount="1" falsecount="1"/>
        <line num="5" count="0" type="stmt"/>
        <line num="6" count="2" type="stmt"/>
        <line num="8" count="1" type="stmt"/>
        <line num="10" count="1" type="stmt"/>
      </file>
      <file name="last_function.js" path="D:\study\M1\CAW\Lab4JestJs\Exo2\last_function.js">
        <metrics statements="6" coveredstatements="6" conditionals="4" coveredconditionals="4" methods="1" coveredmethods="1"/>
        <line num="2" count="7" type="cond" truecount="2" falsecount="0"/>
        <line num="3" count="1" type="stmt"/>
        <line num="4" count="6" type="cond" truecount="2" falsecount="0"/>
        <line num="5" count="2" type="stmt"/>
        <line num="6" count="4" type="stmt"/>
        <line num="9" count="1" type="stmt"/>
      </file>
    </package>
  </project>
</coverage>
