{"D:\\study\\M1\\CAW\\Lab4JestJs\\Exo1\\exf_Function.js": {"path":"D:\\study\\M1\\CAW\\Lab4JestJs\\Exo1\\exf_Function.js","statementMap":{"0":{"start":{"line":2,"column":4},"end":{"line":5,"column":5}},"1":{"start":{"line":3,"column":8},"end":{"line":3,"column":28}},"2":{"start":{"line":7,"column":0},"end":{"line":7,"column":20}}},"fnMap":{"0":{"name":"exf","decl":{"start":{"line":1,"column":9},"end":{"line":1,"column":12}},"loc":{"start":{"line":1,"column":26},"end":{"line":6,"column":1}},"line":1}},"branchMap":{},"s":{"0":1,"1":3,"2":1},"f":{"0":1},"b":{},"_coverageSchema":"1a1c01bbd47fc00a2c39e90264f33305004495a9","hash":"fb9b6c9888a0caa2a49cf33cea9c36b348b4e996"}
,"D:\\study\\M1\\CAW\\Lab4JestJs\\Exo1\\mean_function.js": {"path":"D:\\study\\M1\\CAW\\Lab4JestJs\\Exo1\\mean_function.js","statementMap":{"0":{"start":{"line":2,"column":16},"end":{"line":2,"column":56}},"1":{"start":{"line":2,"column":43},"end":{"line":2,"column":52}},"2":{"start":{"line":3,"column":4},"end":{"line":3,"column":43}},"3":{"start":{"line":7,"column":0},"end":{"line":7,"column":21}}},"fnMap":{"0":{"name":"mean","decl":{"start":{"line":1,"column":9},"end":{"line":1,"column":13}},"loc":{"start":{"line":1,"column":21},"end":{"line":5,"column":1}},"line":1},"1":{"name":"(anonymous_1)","decl":{"start":{"line":2,"column":29},"end":{"line":2,"column":30}},"loc":{"start":{"line":2,"column":43},"end":{"line":2,"column":52}},"line":2}},"branchMap":{},"s":{"0":4,"1":16,"2":4,"3":1},"f":{"0":4,"1":16},"b":{},"_coverageSchema":"1a1c01bbd47fc00a2c39e90264f33305004495a9","hash":"58352fecc90bb13ac4739809a67d2031c8ea63ff"}
,"D:\\study\\M1\\CAW\\Lab4JestJs\\Exo2\\chunk.js": {"path":"D:\\study\\M1\\CAW\\Lab4JestJs\\Exo2\\chunk.js","statementMap":{"0":{"start":{"line":2,"column":21},"end":{"line":2,"column":23}},"1":{"start":{"line":3,"column":16},"end":{"line":3,"column":17}},"2":{"start":{"line":4,"column":4},"end":{"line":7,"column":5}},"3":{"start":{"line":5,"column":4},"end":{"line":5,"column":54}},"4":{"start":{"line":6,"column":4},"end":{"line":6,"column":18}},"5":{"start":{"line":8,"column":4},"end":{"line":8,"column":22}},"6":{"start":{"line":11,"column":4},"end":{"line":11,"column":26}}},"fnMap":{"0":{"name":"chunk","decl":{"start":{"line":1,"column":9},"end":{"line":1,"column":14}},"loc":{"start":{"line":1,"column":27},"end":{"line":9,"column":5}},"line":1}},"branchMap":{},"s":{"0":5,"1":5,"2":5,"3":11,"4":11,"5":5,"6":1},"f":{"0":5},"b":{},"_coverageSchema":"1a1c01bbd47fc00a2c39e90264f33305004495a9","hash":"54193b8e44559f90063a9e16096dfa35ca22f902"}
,"D:\\study\\M1\\CAW\\Lab4JestJs\\Exo2\\first_function.js": {"path":"D:\\study\\M1\\CAW\\Lab4JestJs\\Exo2\\first_function.js","statementMap":{"0":{"start":{"line":2,"column":4},"end":{"line":3,"column":14}},"1":{"start":{"line":3,"column":4},"end":{"line":3,"column":14}},"2":{"start":{"line":4,"column":4},"end":{"line":5,"column":20}},"3":{"start":{"line":5,"column":4},"end":{"line":5,"column":20}},"4":{"start":{"line":6,"column":4},"end":{"line":6,"column":29}},"5":{"start":{"line":8,"column":0},"end":{"line":8,"column":33}},"6":{"start":{"line":10,"column":0},"end":{"line":10,"column":22}}},"fnMap":{"0":{"name":"first","decl":{"start":{"line":1,"column":9},"end":{"line":1,"column":14}},"loc":{"start":{"line":1,"column":25},"end":{"line":7,"column":1}},"line":1}},"branchMap":{"0":{"loc":{"start":{"line":2,"column":4},"end":{"line":3,"column":14}},"type":"if","locations":[{"start":{"line":2,"column":4},"end":{"line":3,"column":14}},{"start":{},"end":{}}],"line":2},"1":{"loc":{"start":{"line":2,"column":8},"end":{"line":2,"column":29}},"type":"binary-expr","locations":[{"start":{"line":2,"column":8},"end":{"line":2,"column":21}},{"start":{"line":2,"column":25},"end":{"line":2,"column":29}}],"line":2},"2":{"loc":{"start":{"line":4,"column":4},"end":{"line":5,"column":20}},"type":"if","locations":[{"start":{"line":4,"column":4},"end":{"line":5,"column":20}},{"start":{},"end":{}}],"line":4}},"s":{"0":4,"1":2,"2":2,"3":0,"4":2,"5":1,"6":1},"f":{"0":4},"b":{"0":[2,2],"1":[4,4],"2":[0,2]},"_coverageSchema":"1a1c01bbd47fc00a2c39e90264f33305004495a9","hash":"1e8567b63a22d3b2952fb726c351bc29d5e14f2c"}
,"D:\\study\\M1\\CAW\\Lab4JestJs\\Exo2\\last_function.js": {"path":"D:\\study\\M1\\CAW\\Lab4JestJs\\Exo2\\last_function.js","statementMap":{"0":{"start":{"line":2,"column":4},"end":{"line":3,"column":14}},"1":{"start":{"line":3,"column":4},"end":{"line":3,"column":14}},"2":{"start":{"line":4,"column":4},"end":{"line":5,"column":35}},"3":{"start":{"line":5,"column":4},"end":{"line":5,"column":35}},"4":{"start":{"line":6,"column":4},"end":{"line":6,"column":54}},"5":{"start":{"line":9,"column":0},"end":{"line":9,"column":21}}},"fnMap":{"0":{"name":"last","decl":{"start":{"line":1,"column":9},"end":{"line":1,"column":13}},"loc":{"start":{"line":1,"column":24},"end":{"line":7,"column":1}},"line":1}},"branchMap":{"0":{"loc":{"start":{"line":2,"column":4},"end":{"line":3,"column":14}},"type":"if","locations":[{"start":{"line":2,"column":4},"end":{"line":3,"column":14}},{"start":{},"end":{}}],"line":2},"1":{"loc":{"start":{"line":4,"column":4},"end":{"line":5,"column":35}},"type":"if","locations":[{"start":{"line":4,"column":4},"end":{"line":5,"column":35}},{"start":{},"end":{}}],"line":4}},"s":{"0":7,"1":1,"2":6,"3":2,"4":4,"5":1},"f":{"0":7},"b":{"0":[1,6],"1":[2,4]},"_coverageSchema":"1a1c01bbd47fc00a2c39e90264f33305004495a9","hash":"60fd9d8e575a7f35d1ac759383b1bade3b07a583"}
}
