TN:
SF:Exo1\exf_Function.js
FN:1,exf
FNF:1
FNH:1
FNDA:1,exf
DA:2,1
DA:3,3
DA:7,1
LF:3
LH:3
BRF:0
BRH:0
end_of_record
TN:
SF:Exo1\mean_function.js
FN:1,mean
FN:2,(anonymous_1)
FNF:2
FNH:2
FNDA:4,mean
FNDA:16,(anonymous_1)
DA:2,16
DA:3,4
DA:7,1
LF:3
LH:3
BRF:0
BRH:0
end_of_record
TN:
SF:Exo2\chunk.js
FN:1,chunk
FNF:1
FNH:1
FNDA:5,chunk
DA:2,5
DA:3,5
DA:4,5
DA:5,11
DA:6,11
DA:8,5
DA:11,1
LF:7
LH:7
BRF:0
BRH:0
end_of_record
TN:
SF:Exo2\first_function.js
FN:1,first
FNF:1
FNH:1
FNDA:4,first
DA:2,4
DA:3,2
DA:4,2
DA:5,0
DA:6,2
DA:8,1
DA:10,1
LF:7
LH:6
BRDA:2,0,0,2
BRDA:2,0,1,2
BRDA:2,1,0,4
BRDA:2,1,1,4
BRDA:4,2,0,0
BRDA:4,2,1,2
BRF:6
BRH:5
end_of_record
TN:
SF:Exo2\last_function.js
FN:1,last
FNF:1
FNH:1
FNDA:7,last
DA:2,7
DA:3,1
DA:4,6
DA:5,2
DA:6,4
DA:9,1
LF:6
LH:6
BRDA:2,0,0,1
BRDA:2,0,1,6
BRDA:4,1,0,2
BRDA:4,1,1,4
BRF:4
BRH:4
end_of_record
